<?xml version="1.0" encoding="UTF-8"?>
<testsuite xmlns:xsi="http://www.w3.org/2001/XMLSchema-instance" xsi:noNamespaceSchemaLocation="https://maven.apache.org/surefire/maven-surefire-plugin/xsd/surefire-test-report-3.0.xsd" version="3.0" name="CollideTests" time="5.904" tests="8" errors="0" skipped="0" failures="0">
  <properties>
[...]
</properties>
  <testcase name="rectCollidesWithMapTest_withPlayerObject" classname="CollideTests" time="0.055">
    <system-out><![CDATA[com.badlogic.gdx.maps.tiled.tiles.StaticTiledMapTile@52e7a6b2
TALL_GRASS1
com.badlogic.gdx.maps.tiled.tiles.StaticTiledMapTile@52e7a6b2
TALL_GRASS1
com.badlogic.gdx.maps.tiled.tiles.StaticTiledMapTile@52e7a6b2
TALL_GRASS1
com.badlogic.gdx.maps.tiled.tiles.StaticTiledMapTile@52e7a6b2
TALL_GRASS1
com.badlogic.gdx.maps.tiled.tiles.StaticTiledMapTile@79c97cb
TALL_GRASS2
com.badlogic.gdx.maps.tiled.tiles.StaticTiledMapTile@79c97cb
TALL_GRASS2
com.badlogic.gdx.maps.tiled.tiles.StaticTiledMapTile@79c97cb
TALL_GRASS2
com.badlogic.gdx.maps.tiled.tiles.StaticTiledMapTile@79c97cb
TALL_GRASS2
com.badlogic.gdx.maps.tiled.tiles.StaticTiledMapTile@389c4eb1
TESTGRASS
com.badlogic.gdx.maps.tiled.tiles.StaticTiledMapTile@389c4eb1
TESTGRASS
com.badlogic.gdx.maps.tiled.tiles.StaticTiledMapTile@52e7a6b2
TALL_GRASS1
com.badlogic.gdx.maps.tiled.tiles.StaticTiledMapTile@52e7a6b2
TALL_GRASS1
com.badlogic.gdx.maps.tiled.tiles.StaticTiledMapTile@52e7a6b2
TALL_GRASS1
com.badlogic.gdx.maps.tiled.tiles.StaticTiledMapTile@52e7a6b2
TALL_GRASS1
com.badlogic.gdx.maps.tiled.tiles.StaticTiledMapTile@389c4eb1
TESTGRASS
com.badlogic.gdx.maps.tiled.tiles.StaticTiledMapTile@79c97cb
TALL_GRASS2
com.badlogic.gdx.maps.tiled.tiles.StaticTiledMapTile@79c97cb
TALL_GRASS2
com.badlogic.gdx.maps.tiled.tiles.StaticTiledMapTile@79c97cb
TALL_GRASS2
com.badlogic.gdx.maps.tiled.tiles.StaticTiledMapTile@79c97cb
TALL_GRASS2
com.badlogic.gdx.maps.tiled.tiles.StaticTiledMapTile@52e7a6b2
TALL_GRASS1
com.badlogic.gdx.maps.tiled.tiles.StaticTiledMapTile@52e7a6b2
TALL_GRASS1
com.badlogic.gdx.maps.tiled.tiles.StaticTiledMapTile@52e7a6b2
TALL_GRASS1
com.badlogic.gdx.maps.tiled.tiles.StaticTiledMapTile@52e7a6b2
TALL_GRASS1
com.badlogic.gdx.maps.tiled.tiles.StaticTiledMapTile@79c97cb
TALL_GRASS2
com.badlogic.gdx.maps.tiled.tiles.StaticTiledMapTile@79c97cb
TALL_GRASS2
com.badlogic.gdx.maps.tiled.tiles.StaticTiledMapTile@79c97cb
TALL_GRASS2
com.badlogic.gdx.maps.tiled.tiles.StaticTiledMapTile@79c97cb
TALL_GRASS2
com.badlogic.gdx.maps.tiled.tiles.StaticTiledMapTile@52e7a6b2
TALL_GRASS1
com.badlogic.gdx.maps.tiled.tiles.StaticTiledMapTile@52e7a6b2
TALL_GRASS1
com.badlogic.gdx.maps.tiled.tiles.StaticTiledMapTile@52e7a6b2
TALL_GRASS1
com.badlogic.gdx.maps.tiled.tiles.StaticTiledMapTile@52e7a6b2
TALL_GRASS1
com.badlogic.gdx.maps.tiled.tiles.StaticTiledMapTile@79c97cb
TALL_GRASS2
com.badlogic.gdx.maps.tiled.tiles.StaticTiledMapTile@79c97cb
TALL_GRASS2
com.badlogic.gdx.maps.tiled.tiles.StaticTiledMapTile@79c97cb
TALL_GRASS2
com.badlogic.gdx.maps.tiled.tiles.StaticTiledMapTile@79c97cb
TALL_GRASS2
com.badlogic.gdx.maps.tiled.tiles.StaticTiledMapTile@78aa1f72
TESTDIRT
com.badlogic.gdx.maps.tiled.tiles.StaticTiledMapTile@78aa1f72
TESTDIRT
com.badlogic.gdx.maps.tiled.tiles.StaticTiledMapTile@52e7a6b2
TALL_GRASS1
com.badlogic.gdx.maps.tiled.tiles.StaticTiledMapTile@52e7a6b2
TALL_GRASS1
com.badlogic.gdx.maps.tiled.tiles.StaticTiledMapTile@52e7a6b2
TALL_GRASS1
com.badlogic.gdx.maps.tiled.tiles.StaticTiledMapTile@52e7a6b2
TALL_GRASS1
com.badlogic.gdx.maps.tiled.tiles.StaticTiledMapTile@78aa1f72
TESTDIRT
com.badlogic.gdx.maps.tiled.tiles.StaticTiledMapTile@79c97cb
TALL_GRASS2
com.badlogic.gdx.maps.tiled.tiles.StaticTiledMapTile@79c97cb
TALL_GRASS2
com.badlogic.gdx.maps.tiled.tiles.StaticTiledMapTile@79c97cb
TALL_GRASS2
com.badlogic.gdx.maps.tiled.tiles.StaticTiledMapTile@79c97cb
TALL_GRASS2
com.badlogic.gdx.maps.tiled.tiles.StaticTiledMapTile@52e7a6b2
TALL_GRASS1
com.badlogic.gdx.maps.tiled.tiles.StaticTiledMapTile@52e7a6b2
TALL_GRASS1
com.badlogic.gdx.maps.tiled.tiles.StaticTiledMapTile@52e7a6b2
TALL_GRASS1
com.badlogic.gdx.maps.tiled.tiles.StaticTiledMapTile@52e7a6b2
TALL_GRASS1
com.badlogic.gdx.maps.tiled.tiles.StaticTiledMapTile@79c97cb
TALL_GRASS2
com.badlogic.gdx.maps.tiled.tiles.StaticTiledMapTile@79c97cb
TALL_GRASS2
com.badlogic.gdx.maps.tiled.tiles.StaticTiledMapTile@79c97cb
TALL_GRASS2
com.badlogic.gdx.maps.tiled.tiles.StaticTiledMapTile@79c97cb
TALL_GRASS2
com.badlogic.gdx.maps.tiled.tiles.StaticTiledMapTile@52e7a6b2
TALL_GRASS1
com.badlogic.gdx.maps.tiled.tiles.StaticTiledMapTile@52e7a6b2
TALL_GRASS1
com.badlogic.gdx.maps.tiled.tiles.StaticTiledMapTile@52e7a6b2
TALL_GRASS1
com.badlogic.gdx.maps.tiled.tiles.StaticTiledMapTile@52e7a6b2
TALL_GRASS1
com.badlogic.gdx.maps.tiled.tiles.StaticTiledMapTile@79c97cb
TALL_GRASS2
com.badlogic.gdx.maps.tiled.tiles.StaticTiledMapTile@79c97cb
TALL_GRASS2
com.badlogic.gdx.maps.tiled.tiles.StaticTiledMapTile@79c97cb
TALL_GRASS2
com.badlogic.gdx.maps.tiled.tiles.StaticTiledMapTile@79c97cb
TALL_GRASS2
com.badlogic.gdx.maps.tiled.tiles.StaticTiledMapTile@389c4eb1
TESTGRASS
com.badlogic.gdx.maps.tiled.tiles.StaticTiledMapTile@389c4eb1
TESTGRASS
com.badlogic.gdx.maps.tiled.tiles.StaticTiledMapTile@52e7a6b2
TALL_GRASS1
com.badlogic.gdx.maps.tiled.tiles.StaticTiledMapTile@52e7a6b2
TALL_GRASS1
com.badlogic.gdx.maps.tiled.tiles.StaticTiledMapTile@52e7a6b2
TALL_GRASS1
com.badlogic.gdx.maps.tiled.tiles.StaticTiledMapTile@52e7a6b2
TALL_GRASS1
com.badlogic.gdx.maps.tiled.tiles.StaticTiledMapTile@389c4eb1
TESTGRASS
com.badlogic.gdx.maps.tiled.tiles.StaticTiledMapTile@79c97cb
TALL_GRASS2
com.badlogic.gdx.maps.tiled.tiles.StaticTiledMapTile@79c97cb
TALL_GRASS2
com.badlogic.gdx.maps.tiled.tiles.StaticTiledMapTile@79c97cb
TALL_GRASS2
com.badlogic.gdx.maps.tiled.tiles.StaticTiledMapTile@79c97cb
TALL_GRASS2
com.badlogic.gdx.maps.tiled.tiles.StaticTiledMapTile@52e7a6b2
TALL_GRASS1
com.badlogic.gdx.maps.tiled.tiles.StaticTiledMapTile@52e7a6b2
TALL_GRASS1
com.badlogic.gdx.maps.tiled.tiles.StaticTiledMapTile@52e7a6b2
TALL_GRASS1
com.badlogic.gdx.maps.tiled.tiles.StaticTiledMapTile@52e7a6b2
TALL_GRASS1
com.badlogic.gdx.maps.tiled.tiles.StaticTiledMapTile@79c97cb
TALL_GRASS2
com.badlogic.gdx.maps.tiled.tiles.StaticTiledMapTile@79c97cb
TALL_GRASS2
com.badlogic.gdx.maps.tiled.tiles.StaticTiledMapTile@79c97cb
TALL_GRASS2
com.badlogic.gdx.maps.tiled.tiles.StaticTiledMapTile@79c97cb
TALL_GRASS2
Total coins: 10
com.badlogic.gdx.maps.tiled.tiles.StaticTiledMapTile@389c4eb1
TESTGRASS
com.badlogic.gdx.maps.tiled.tiles.StaticTiledMapTile@389c4eb1
TESTGRASS
com.badlogic.gdx.maps.tiled.tiles.StaticTiledMapTile@52e7a6b2
TALL_GRASS1
com.badlogic.gdx.maps.tiled.tiles.StaticTiledMapTile@52e7a6b2
TALL_GRASS1
com.badlogic.gdx.maps.tiled.tiles.StaticTiledMapTile@52e7a6b2
TALL_GRASS1
com.badlogic.gdx.maps.tiled.tiles.StaticTiledMapTile@52e7a6b2
TALL_GRASS1
com.badlogic.gdx.maps.tiled.tiles.StaticTiledMapTile@389c4eb1
TESTGRASS
com.badlogic.gdx.maps.tiled.tiles.StaticTiledMapTile@79c97cb
TALL_GRASS2
com.badlogic.gdx.maps.tiled.tiles.StaticTiledMapTile@79c97cb
TALL_GRASS2
com.badlogic.gdx.maps.tiled.tiles.StaticTiledMapTile@79c97cb
TALL_GRASS2
com.badlogic.gdx.maps.tiled.tiles.StaticTiledMapTile@79c97cb
TALL_GRASS2
com.badlogic.gdx.maps.tiled.tiles.StaticTiledMapTile@389c4eb1
TESTGRASS
com.badlogic.gdx.maps.tiled.tiles.StaticTiledMapTile@389c4eb1
TESTGRASS
com.badlogic.gdx.maps.tiled.tiles.StaticTiledMapTile@52e7a6b2
TALL_GRASS1
com.badlogic.gdx.maps.tiled.tiles.StaticTiledMapTile@52e7a6b2
TALL_GRASS1
com.badlogic.gdx.maps.tiled.tiles.StaticTiledMapTile@52e7a6b2
TALL_GRASS1
com.badlogic.gdx.maps.tiled.tiles.StaticTiledMapTile@52e7a6b2
TALL_GRASS1
com.badlogic.gdx.maps.tiled.tiles.StaticTiledMapTile@389c4eb1
TESTGRASS
com.badlogic.gdx.maps.tiled.tiles.StaticTiledMapTile@79c97cb
TALL_GRASS2
com.badlogic.gdx.maps.tiled.tiles.StaticTiledMapTile@79c97cb
TALL_GRASS2
com.badlogic.gdx.maps.tiled.tiles.StaticTiledMapTile@79c97cb
TALL_GRASS2
com.badlogic.gdx.maps.tiled.tiles.StaticTiledMapTile@79c97cb
TALL_GRASS2
com.badlogic.gdx.maps.tiled.tiles.StaticTiledMapTile@389c4eb1
TESTGRASS
com.badlogic.gdx.maps.tiled.tiles.StaticTiledMapTile@389c4eb1
TESTGRASS
com.badlogic.gdx.maps.tiled.tiles.StaticTiledMapTile@52e7a6b2
TALL_GRASS1
com.badlogic.gdx.maps.tiled.tiles.StaticTiledMapTile@52e7a6b2
TALL_GRASS1
com.badlogic.gdx.maps.tiled.tiles.StaticTiledMapTile@52e7a6b2
TALL_GRASS1
com.badlogic.gdx.maps.tiled.tiles.StaticTiledMapTile@52e7a6b2
TALL_GRASS1
com.badlogic.gdx.maps.tiled.tiles.StaticTiledMapTile@389c4eb1
TESTGRASS
com.badlogic.gdx.maps.tiled.tiles.StaticTiledMapTile@79c97cb
TALL_GRASS2
com.badlogic.gdx.maps.tiled.tiles.StaticTiledMapTile@79c97cb
TALL_GRASS2
com.badlogic.gdx.maps.tiled.tiles.StaticTiledMapTile@79c97cb
TALL_GRASS2
com.badlogic.gdx.maps.tiled.tiles.StaticTiledMapTile@79c97cb
TALL_GRASS2
com.badlogic.gdx.maps.tiled.tiles.StaticTiledMapTile@389c4eb1
TESTGRASS
com.badlogic.gdx.maps.tiled.tiles.StaticTiledMapTile@389c4eb1
TESTGRASS
com.badlogic.gdx.maps.tiled.tiles.StaticTiledMapTile@52e7a6b2
TALL_GRASS1
com.badlogic.gdx.maps.tiled.tiles.StaticTiledMapTile@52e7a6b2
TALL_GRASS1
com.badlogic.gdx.maps.tiled.tiles.StaticTiledMapTile@52e7a6b2
TALL_GRASS1
com.badlogic.gdx.maps.tiled.tiles.StaticTiledMapTile@52e7a6b2
TALL_GRASS1
com.badlogic.gdx.maps.tiled.tiles.StaticTiledMapTile@389c4eb1
TESTGRASS
com.badlogic.gdx.maps.tiled.tiles.StaticTiledMapTile@79c97cb
TALL_GRASS2
com.badlogic.gdx.maps.tiled.tiles.StaticTiledMapTile@79c97cb
TALL_GRASS2
com.badlogic.gdx.maps.tiled.tiles.StaticTiledMapTile@79c97cb
TALL_GRASS2
com.badlogic.gdx.maps.tiled.tiles.StaticTiledMapTile@79c97cb
TALL_GRASS2
com.badlogic.gdx.maps.tiled.tiles.StaticTiledMapTile@389c4eb1
TESTGRASS
com.badlogic.gdx.maps.tiled.tiles.StaticTiledMapTile@389c4eb1
TESTGRASS
com.badlogic.gdx.maps.tiled.tiles.StaticTiledMapTile@52e7a6b2
TALL_GRASS1
com.badlogic.gdx.maps.tiled.tiles.StaticTiledMapTile@52e7a6b2
TALL_GRASS1
com.badlogic.gdx.maps.tiled.tiles.StaticTiledMapTile@52e7a6b2
TALL_GRASS1
com.badlogic.gdx.maps.tiled.tiles.StaticTiledMapTile@52e7a6b2
TALL_GRASS1
com.badlogic.gdx.maps.tiled.tiles.StaticTiledMapTile@389c4eb1
TESTGRASS
com.badlogic.gdx.maps.tiled.tiles.StaticTiledMapTile@79c97cb
TALL_GRASS2
com.badlogic.gdx.maps.tiled.tiles.StaticTiledMapTile@79c97cb
TALL_GRASS2
com.badlogic.gdx.maps.tiled.tiles.StaticTiledMapTile@79c97cb
TALL_GRASS2
com.badlogic.gdx.maps.tiled.tiles.StaticTiledMapTile@79c97cb
TALL_GRASS2
com.badlogic.gdx.maps.tiled.tiles.StaticTiledMapTile@389c4eb1
TESTGRASS
com.badlogic.gdx.maps.tiled.tiles.StaticTiledMapTile@389c4eb1
TESTGRASS
com.badlogic.gdx.maps.tiled.tiles.StaticTiledMapTile@52e7a6b2
TALL_GRASS1
com.badlogic.gdx.maps.tiled.tiles.StaticTiledMapTile@52e7a6b2
TALL_GRASS1
com.badlogic.gdx.maps.tiled.tiles.StaticTiledMapTile@52e7a6b2
TALL_GRASS1
com.badlogic.gdx.maps.tiled.tiles.StaticTiledMapTile@52e7a6b2
TALL_GRASS1
com.badlogic.gdx.maps.tiled.tiles.StaticTiledMapTile@389c4eb1
TESTGRASS
com.badlogic.gdx.maps.tiled.tiles.StaticTiledMapTile@79c97cb
TALL_GRASS2
com.badlogic.gdx.maps.tiled.tiles.StaticTiledMapTile@79c97cb
TALL_GRASS2
com.badlogic.gdx.maps.tiled.tiles.StaticTiledMapTile@79c97cb
TALL_GRASS2
com.badlogic.gdx.maps.tiled.tiles.StaticTiledMapTile@79c97cb
TALL_GRASS2
com.badlogic.gdx.maps.tiled.tiles.StaticTiledMapTile@389c4eb1
TESTGRASS
com.badlogic.gdx.maps.tiled.tiles.StaticTiledMapTile@389c4eb1
TESTGRASS
com.badlogic.gdx.maps.tiled.tiles.StaticTiledMapTile@52e7a6b2
TALL_GRASS1
com.badlogic.gdx.maps.tiled.tiles.StaticTiledMapTile@52e7a6b2
TALL_GRASS1
com.badlogic.gdx.maps.tiled.tiles.StaticTiledMapTile@52e7a6b2
TALL_GRASS1
com.badlogic.gdx.maps.tiled.tiles.StaticTiledMapTile@52e7a6b2
TALL_GRASS1
com.badlogic.gdx.maps.tiled.tiles.StaticTiledMapTile@389c4eb1
TESTGRASS
com.badlogic.gdx.maps.tiled.tiles.StaticTiledMapTile@79c97cb
TALL_GRASS2
com.badlogic.gdx.maps.tiled.tiles.StaticTiledMapTile@79c97cb
TALL_GRASS2
com.badlogic.gdx.maps.tiled.tiles.StaticTiledMapTile@79c97cb
TALL_GRASS2
com.badlogic.gdx.maps.tiled.tiles.StaticTiledMapTile@79c97cb
TALL_GRASS2
com.badlogic.gdx.maps.tiled.tiles.StaticTiledMapTile@389c4eb1
TESTGRASS
com.badlogic.gdx.maps.tiled.tiles.StaticTiledMapTile@389c4eb1
TESTGRASS
com.badlogic.gdx.maps.tiled.tiles.StaticTiledMapTile@52e7a6b2
TALL_GRASS1
com.badlogic.gdx.maps.tiled.tiles.StaticTiledMapTile@52e7a6b2
TALL_GRASS1
com.badlogic.gdx.maps.tiled.tiles.StaticTiledMapTile@52e7a6b2
TALL_GRASS1
com.badlogic.gdx.maps.tiled.tiles.StaticTiledMapTile@52e7a6b2
TALL_GRASS1
com.badlogic.gdx.maps.tiled.tiles.StaticTiledMapTile@389c4eb1
TESTGRASS
com.badlogic.gdx.maps.tiled.tiles.StaticTiledMapTile@79c97cb
TALL_GRASS2
com.badlogic.gdx.maps.tiled.tiles.StaticTiledMapTile@79c97cb
TALL_GRASS2
com.badlogic.gdx.maps.tiled.tiles.StaticTiledMapTile@79c97cb
TALL_GRASS2
com.badlogic.gdx.maps.tiled.tiles.StaticTiledMapTile@79c97cb
TALL_GRASS2
com.badlogic.gdx.maps.tiled.tiles.StaticTiledMapTile@389c4eb1
TESTGRASS
com.badlogic.gdx.maps.tiled.tiles.StaticTiledMapTile@389c4eb1
TESTGRASS
com.badlogic.gdx.maps.tiled.tiles.StaticTiledMapTile@52e7a6b2
TALL_GRASS1
com.badlogic.gdx.maps.tiled.tiles.StaticTiledMapTile@52e7a6b2
TALL_GRASS1
com.badlogic.gdx.maps.tiled.tiles.StaticTiledMapTile@52e7a6b2
TALL_GRASS1
com.badlogic.gdx.maps.tiled.tiles.StaticTiledMapTile@79c97cb
TALL_GRASS2
com.badlogic.gdx.maps.tiled.tiles.StaticTiledMapTile@389c4eb1
TESTGRASS
com.badlogic.gdx.maps.tiled.tiles.StaticTiledMapTile@79c97cb
TALL_GRASS2
com.badlogic.gdx.maps.tiled.tiles.StaticTiledMapTile@79c97cb
TALL_GRASS2
com.badlogic.gdx.maps.tiled.tiles.StaticTiledMapTile@79c97cb
TALL_GRASS2
com.badlogic.gdx.maps.tiled.tiles.StaticTiledMapTile@79c97cb
TALL_GRASS2
com.badlogic.gdx.maps.tiled.tiles.StaticTiledMapTile@389c4eb1
TESTGRASS
com.badlogic.gdx.maps.tiled.tiles.StaticTiledMapTile@389c4eb1
TESTGRASS
com.badlogic.gdx.maps.tiled.tiles.StaticTiledMapTile@52e7a6b2
TALL_GRASS1
com.badlogic.gdx.maps.tiled.tiles.StaticTiledMapTile@52e7a6b2
TALL_GRASS1
com.badlogic.gdx.maps.tiled.tiles.StaticTiledMapTile@52e7a6b2
TALL_GRASS1
com.badlogic.gdx.maps.tiled.tiles.StaticTiledMapTile@79c97cb
TALL_GRASS2
com.badlogic.gdx.maps.tiled.tiles.StaticTiledMapTile@389c4eb1
TESTGRASS
com.badlogic.gdx.maps.tiled.tiles.StaticTiledMapTile@79c97cb
TALL_GRASS2
com.badlogic.gdx.maps.tiled.tiles.StaticTiledMapTile@79c97cb
TALL_GRASS2
com.badlogic.gdx.maps.tiled.tiles.StaticTiledMapTile@79c97cb
TALL_GRASS2
com.badlogic.gdx.maps.tiled.tiles.StaticTiledMapTile@79c97cb
TALL_GRASS2
com.badlogic.gdx.maps.tiled.tiles.StaticTiledMapTile@389c4eb1
TESTGRASS
com.badlogic.gdx.maps.tiled.tiles.StaticTiledMapTile@389c4eb1
TESTGRASS
com.badlogic.gdx.maps.tiled.tiles.StaticTiledMapTile@52e7a6b2
TALL_GRASS1
com.badlogic.gdx.maps.tiled.tiles.StaticTiledMapTile@52e7a6b2
TALL_GRASS1
com.badlogic.gdx.maps.tiled.tiles.StaticTiledMapTile@52e7a6b2
TALL_GRASS1
com.badlogic.gdx.maps.tiled.tiles.StaticTiledMapTile@79c97cb
TALL_GRASS2
com.badlogic.gdx.maps.tiled.tiles.StaticTiledMapTile@389c4eb1
TESTGRASS
com.badlogic.gdx.maps.tiled.tiles.StaticTiledMapTile@79c97cb
TALL_GRASS2
com.badlogic.gdx.maps.tiled.tiles.StaticTiledMapTile@79c97cb
TALL_GRASS2
com.badlogic.gdx.maps.tiled.tiles.StaticTiledMapTile@79c97cb
TALL_GRASS2
com.badlogic.gdx.maps.tiled.tiles.StaticTiledMapTile@79c97cb
TALL_GRASS2
com.badlogic.gdx.maps.tiled.tiles.StaticTiledMapTile@389c4eb1
TESTGRASS
com.badlogic.gdx.maps.tiled.tiles.StaticTiledMapTile@389c4eb1
TESTGRASS
com.badlogic.gdx.maps.tiled.tiles.StaticTiledMapTile@52e7a6b2
TALL_GRASS1
com.badlogic.gdx.maps.tiled.tiles.StaticTiledMapTile@52e7a6b2
TALL_GRASS1
com.badlogic.gdx.maps.tiled.tiles.StaticTiledMapTile@52e7a6b2
TALL_GRASS1
com.badlogic.gdx.maps.tiled.tiles.StaticTiledMapTile@79c97cb
TALL_GRASS2
com.badlogic.gdx.maps.tiled.tiles.StaticTiledMapTile@389c4eb1
TESTGRASS
com.badlogic.gdx.maps.tiled.tiles.StaticTiledMapTile@79c97cb
TALL_GRASS2
com.badlogic.gdx.maps.tiled.tiles.StaticTiledMapTile@79c97cb
TALL_GRASS2
com.badlogic.gdx.maps.tiled.tiles.StaticTiledMapTile@79c97cb
TALL_GRASS2
com.badlogic.gdx.maps.tiled.tiles.StaticTiledMapTile@79c97cb
TALL_GRASS2
com.badlogic.gdx.maps.tiled.tiles.StaticTiledMapTile@78aa1f72
TESTDIRT
com.badlogic.gdx.maps.tiled.tiles.StaticTiledMapTile@78aa1f72
TESTDIRT
com.badlogic.gdx.maps.tiled.tiles.StaticTiledMapTile@52e7a6b2
TALL_GRASS1
com.badlogic.gdx.maps.tiled.tiles.StaticTiledMapTile@52e7a6b2
TALL_GRASS1
com.badlogic.gdx.maps.tiled.tiles.StaticTiledMapTile@79c97cb
TALL_GRASS2
com.badlogic.gdx.maps.tiled.tiles.StaticTiledMapTile@79c97cb
TALL_GRASS2
com.badlogic.gdx.maps.tiled.tiles.StaticTiledMapTile@78aa1f72
TESTDIRT
com.badlogic.gdx.maps.tiled.tiles.StaticTiledMapTile@79c97cb
TALL_GRASS2
com.badlogic.gdx.maps.tiled.tiles.StaticTiledMapTile@79c97cb
TALL_GRASS2
com.badlogic.gdx.maps.tiled.tiles.StaticTiledMapTile@79c97cb
TALL_GRASS2
com.badlogic.gdx.maps.tiled.tiles.StaticTiledMapTile@79c97cb
TALL_GRASS2
com.badlogic.gdx.maps.tiled.tiles.StaticTiledMapTile@389c4eb1
TESTGRASS
com.badlogic.gdx.maps.tiled.tiles.StaticTiledMapTile@389c4eb1
TESTGRASS
com.badlogic.gdx.maps.tiled.tiles.StaticTiledMapTile@52e7a6b2
TALL_GRASS1
com.badlogic.gdx.maps.tiled.tiles.StaticTiledMapTile@52e7a6b2
TALL_GRASS1
com.badlogic.gdx.maps.tiled.tiles.StaticTiledMapTile@79c97cb
TALL_GRASS2
com.badlogic.gdx.maps.tiled.tiles.StaticTiledMapTile@79c97cb
TALL_GRASS2
com.badlogic.gdx.maps.tiled.tiles.StaticTiledMapTile@389c4eb1
TESTGRASS
com.badlogic.gdx.maps.tiled.tiles.StaticTiledMapTile@79c97cb
TALL_GRASS2
com.badlogic.gdx.maps.tiled.tiles.StaticTiledMapTile@79c97cb
TALL_GRASS2
com.badlogic.gdx.maps.tiled.tiles.StaticTiledMapTile@79c97cb
TALL_GRASS2
com.badlogic.gdx.maps.tiled.tiles.StaticTiledMapTile@79c97cb
TALL_GRASS2
com.badlogic.gdx.maps.tiled.tiles.StaticTiledMapTile@389c4eb1
TESTGRASS
com.badlogic.gdx.maps.tiled.tiles.StaticTiledMapTile@389c4eb1
TESTGRASS
com.badlogic.gdx.maps.tiled.tiles.StaticTiledMapTile@52e7a6b2
TALL_GRASS1
com.badlogic.gdx.maps.tiled.tiles.StaticTiledMapTile@52e7a6b2
TALL_GRASS1
com.badlogic.gdx.maps.tiled.tiles.StaticTiledMapTile@79c97cb
TALL_GRASS2
com.badlogic.gdx.maps.tiled.tiles.StaticTiledMapTile@79c97cb
TALL_GRASS2
com.badlogic.gdx.maps.tiled.tiles.StaticTiledMapTile@389c4eb1
TESTGRASS
com.badlogic.gdx.maps.tiled.tiles.StaticTiledMapTile@79c97cb
TALL_GRASS2
com.badlogic.gdx.maps.tiled.tiles.StaticTiledMapTile@79c97cb
TALL_GRASS2
com.badlogic.gdx.maps.tiled.tiles.StaticTiledMapTile@79c97cb
TALL_GRASS2
com.badlogic.gdx.maps.tiled.tiles.StaticTiledMapTile@79c97cb
TALL_GRASS2
com.badlogic.gdx.maps.tiled.tiles.StaticTiledMapTile@389c4eb1
TESTGRASS
com.badlogic.gdx.maps.tiled.tiles.StaticTiledMapTile@389c4eb1
TESTGRASS
com.badlogic.gdx.maps.tiled.tiles.StaticTiledMapTile@52e7a6b2
TALL_GRASS1
com.badlogic.gdx.maps.tiled.tiles.StaticTiledMapTile@52e7a6b2
TALL_GRASS1
com.badlogic.gdx.maps.tiled.tiles.StaticTiledMapTile@79c97cb
TALL_GRASS2
com.badlogic.gdx.maps.tiled.tiles.StaticTiledMapTile@79c97cb
TALL_GRASS2
com.badlogic.gdx.maps.tiled.tiles.StaticTiledMapTile@389c4eb1
TESTGRASS
com.badlogic.gdx.maps.tiled.tiles.StaticTiledMapTile@79c97cb
TALL_GRASS2
com.badlogic.gdx.maps.tiled.tiles.StaticTiledMapTile@79c97cb
TALL_GRASS2
com.badlogic.gdx.maps.tiled.tiles.StaticTiledMapTile@79c97cb
TALL_GRASS2
com.badlogic.gdx.maps.tiled.tiles.StaticTiledMapTile@79c97cb
TALL_GRASS2
com.badlogic.gdx.maps.tiled.tiles.StaticTiledMapTile@389c4eb1
TESTGRASS
com.badlogic.gdx.maps.tiled.tiles.StaticTiledMapTile@389c4eb1
TESTGRASS
com.badlogic.gdx.maps.tiled.tiles.StaticTiledMapTile@52e7a6b2
TALL_GRASS1
com.badlogic.gdx.maps.tiled.tiles.StaticTiledMapTile@52e7a6b2
TALL_GRASS1
com.badlogic.gdx.maps.tiled.tiles.StaticTiledMapTile@52e7a6b2
TALL_GRASS1
com.badlogic.gdx.maps.tiled.tiles.StaticTiledMapTile@79c97cb
TALL_GRASS2
com.badlogic.gdx.maps.tiled.tiles.StaticTiledMapTile@389c4eb1
TESTGRASS
com.badlogic.gdx.maps.tiled.tiles.StaticTiledMapTile@79c97cb
TALL_GRASS2
com.badlogic.gdx.maps.tiled.tiles.StaticTiledMapTile@79c97cb
TALL_GRASS2
com.badlogic.gdx.maps.tiled.tiles.StaticTiledMapTile@79c97cb
TALL_GRASS2
com.badlogic.gdx.maps.tiled.tiles.StaticTiledMapTile@79c97cb
TALL_GRASS2
com.badlogic.gdx.maps.tiled.tiles.StaticTiledMapTile@389c4eb1
TESTGRASS
com.badlogic.gdx.maps.tiled.tiles.StaticTiledMapTile@389c4eb1
TESTGRASS
com.badlogic.gdx.maps.tiled.tiles.StaticTiledMapTile@52e7a6b2
TALL_GRASS1
com.badlogic.gdx.maps.tiled.tiles.StaticTiledMapTile@52e7a6b2
TALL_GRASS1
com.badlogic.gdx.maps.tiled.tiles.StaticTiledMapTile@52e7a6b2
TALL_GRASS1
com.badlogic.gdx.maps.tiled.tiles.StaticTiledMapTile@79c97cb
TALL_GRASS2
com.badlogic.gdx.maps.tiled.tiles.StaticTiledMapTile@389c4eb1
TESTGRASS
com.badlogic.gdx.maps.tiled.tiles.StaticTiledMapTile@79c97cb
TALL_GRASS2
com.badlogic.gdx.maps.tiled.tiles.StaticTiledMapTile@79c97cb
TALL_GRASS2
com.badlogic.gdx.maps.tiled.tiles.StaticTiledMapTile@79c97cb
TALL_GRASS2
com.badlogic.gdx.maps.tiled.tiles.StaticTiledMapTile@79c97cb
TALL_GRASS2
com.badlogic.gdx.maps.tiled.tiles.StaticTiledMapTile@389c4eb1
TESTGRASS
com.badlogic.gdx.maps.tiled.tiles.StaticTiledMapTile@389c4eb1
TESTGRASS
com.badlogic.gdx.maps.tiled.tiles.StaticTiledMapTile@52e7a6b2
TALL_GRASS1
com.badlogic.gdx.maps.tiled.tiles.StaticTiledMapTile@52e7a6b2
TALL_GRASS1
com.badlogic.gdx.maps.tiled.tiles.StaticTiledMapTile@52e7a6b2
TALL_GRASS1
com.badlogic.gdx.maps.tiled.tiles.StaticTiledMapTile@79c97cb
TALL_GRASS2
com.badlogic.gdx.maps.tiled.tiles.StaticTiledMapTile@389c4eb1
TESTGRASS
com.badlogic.gdx.maps.tiled.tiles.StaticTiledMapTile@79c97cb
TALL_GRASS2
com.badlogic.gdx.maps.tiled.tiles.StaticTiledMapTile@79c97cb
TALL_GRASS2
com.badlogic.gdx.maps.tiled.tiles.StaticTiledMapTile@79c97cb
TALL_GRASS2
com.badlogic.gdx.maps.tiled.tiles.StaticTiledMapTile@79c97cb
TALL_GRASS2
com.badlogic.gdx.maps.tiled.tiles.StaticTiledMapTile@389c4eb1
TESTGRASS
com.badlogic.gdx.maps.tiled.tiles.StaticTiledMapTile@389c4eb1
TESTGRASS
com.badlogic.gdx.maps.tiled.tiles.StaticTiledMapTile@52e7a6b2
TALL_GRASS1
com.badlogic.gdx.maps.tiled.tiles.StaticTiledMapTile@52e7a6b2
TALL_GRASS1
com.badlogic.gdx.maps.tiled.tiles.StaticTiledMapTile@52e7a6b2
TALL_GRASS1
com.badlogic.gdx.maps.tiled.tiles.StaticTiledMapTile@79c97cb
TALL_GRASS2
com.badlogic.gdx.maps.tiled.tiles.StaticTiledMapTile@389c4eb1
TESTGRASS
com.badlogic.gdx.maps.tiled.tiles.StaticTiledMapTile@79c97cb
TALL_GRASS2
com.badlogic.gdx.maps.tiled.tiles.StaticTiledMapTile@79c97cb
TALL_GRASS2
com.badlogic.gdx.maps.tiled.tiles.StaticTiledMapTile@79c97cb
TALL_GRASS2
com.badlogic.gdx.maps.tiled.tiles.StaticTiledMapTile@79c97cb
TALL_GRASS2
com.badlogic.gdx.maps.tiled.tiles.StaticTiledMapTile@389c4eb1
TESTGRASS
com.badlogic.gdx.maps.tiled.tiles.StaticTiledMapTile@389c4eb1
TESTGRASS
com.badlogic.gdx.maps.tiled.tiles.StaticTiledMapTile@52e7a6b2
TALL_GRASS1
com.badlogic.gdx.maps.tiled.tiles.StaticTiledMapTile@52e7a6b2
TALL_GRASS1
com.badlogic.gdx.maps.tiled.tiles.StaticTiledMapTile@52e7a6b2
TALL_GRASS1
com.badlogic.gdx.maps.tiled.tiles.StaticTiledMapTile@52e7a6b2
TALL_GRASS1
com.badlogic.gdx.maps.tiled.tiles.StaticTiledMapTile@389c4eb1
TESTGRASS
com.badlogic.gdx.maps.tiled.tiles.StaticTiledMapTile@79c97cb
TALL_GRASS2
com.badlogic.gdx.maps.tiled.tiles.StaticTiledMapTile@79c97cb
TALL_GRASS2
com.badlogic.gdx.maps.tiled.tiles.StaticTiledMapTile@79c97cb
TALL_GRASS2
com.badlogic.gdx.maps.tiled.tiles.StaticTiledMapTile@79c97cb
TALL_GRASS2
com.badlogic.gdx.maps.tiled.tiles.StaticTiledMapTile@389c4eb1
TESTGRASS
com.badlogic.gdx.maps.tiled.tiles.StaticTiledMapTile@389c4eb1
TESTGRASS
com.badlogic.gdx.maps.tiled.tiles.StaticTiledMapTile@52e7a6b2
TALL_GRASS1
com.badlogic.gdx.maps.tiled.tiles.StaticTiledMapTile@52e7a6b2
TALL_GRASS1
com.badlogic.gdx.maps.tiled.tiles.StaticTiledMapTile@52e7a6b2
TALL_GRASS1
com.badlogic.gdx.maps.tiled.tiles.StaticTiledMapTile@52e7a6b2
TALL_GRASS1
com.badlogic.gdx.maps.tiled.tiles.StaticTiledMapTile@389c4eb1
TESTGRASS
com.badlogic.gdx.maps.tiled.tiles.StaticTiledMapTile@79c97cb
TALL_GRASS2
com.badlogic.gdx.maps.tiled.tiles.StaticTiledMapTile@79c97cb
TALL_GRASS2
com.badlogic.gdx.maps.tiled.tiles.StaticTiledMapTile@79c97cb
TALL_GRASS2
com.badlogic.gdx.maps.tiled.tiles.StaticTiledMapTile@79c97cb
TALL_GRASS2
com.badlogic.gdx.maps.tiled.tiles.StaticTiledMapTile@389c4eb1
TESTGRASS
com.badlogic.gdx.maps.tiled.tiles.StaticTiledMapTile@389c4eb1
TESTGRASS
com.badlogic.gdx.maps.tiled.tiles.StaticTiledMapTile@52e7a6b2
TALL_GRASS1
com.badlogic.gdx.maps.tiled.tiles.StaticTiledMapTile@52e7a6b2
TALL_GRASS1
com.badlogic.gdx.maps.tiled.tiles.StaticTiledMapTile@52e7a6b2
TALL_GRASS1
com.badlogic.gdx.maps.tiled.tiles.StaticTiledMapTile@52e7a6b2
TALL_GRASS1
com.badlogic.gdx.maps.tiled.tiles.StaticTiledMapTile@389c4eb1
TESTGRASS
com.badlogic.gdx.maps.tiled.tiles.StaticTiledMapTile@79c97cb
TALL_GRASS2
com.badlogic.gdx.maps.tiled.tiles.StaticTiledMapTile@79c97cb
TALL_GRASS2
com.badlogic.gdx.maps.tiled.tiles.StaticTiledMapTile@79c97cb
TALL_GRASS2
com.badlogic.gdx.maps.tiled.tiles.StaticTiledMapTile@79c97cb
TALL_GRASS2
com.badlogic.gdx.maps.tiled.tiles.StaticTiledMapTile@389c4eb1
TESTGRASS
com.badlogic.gdx.maps.tiled.tiles.StaticTiledMapTile@389c4eb1
TESTGRASS
com.badlogic.gdx.maps.tiled.tiles.StaticTiledMapTile@52e7a6b2
TALL_GRASS1
com.badlogic.gdx.maps.tiled.tiles.StaticTiledMapTile@52e7a6b2
TALL_GRASS1
com.badlogic.gdx.maps.tiled.tiles.StaticTiledMapTile@52e7a6b2
TALL_GRASS1
com.badlogic.gdx.maps.tiled.tiles.StaticTiledMapTile@52e7a6b2
TALL_GRASS1
com.badlogic.gdx.maps.tiled.tiles.StaticTiledMapTile@389c4eb1
TESTGRASS
com.badlogic.gdx.maps.tiled.tiles.StaticTiledMapTile@79c97cb
TALL_GRASS2
com.badlogic.gdx.maps.tiled.tiles.StaticTiledMapTile@79c97cb
TALL_GRASS2
com.badlogic.gdx.maps.tiled.tiles.StaticTiledMapTile@79c97cb
TALL_GRASS2
com.badlogic.gdx.maps.tiled.tiles.StaticTiledMapTile@79c97cb
TALL_GRASS2
com.badlogic.gdx.maps.tiled.tiles.StaticTiledMapTile@389c4eb1
TESTGRASS
com.badlogic.gdx.maps.tiled.tiles.StaticTiledMapTile@389c4eb1
TESTGRASS
com.badlogic.gdx.maps.tiled.tiles.StaticTiledMapTile@52e7a6b2
TALL_GRASS1
com.badlogic.gdx.maps.tiled.tiles.StaticTiledMapTile@52e7a6b2
TALL_GRASS1
com.badlogic.gdx.maps.tiled.tiles.StaticTiledMapTile@52e7a6b2
TALL_GRASS1
com.badlogic.gdx.maps.tiled.tiles.StaticTiledMapTile@52e7a6b2
TALL_GRASS1
com.badlogic.gdx.maps.tiled.tiles.StaticTiledMapTile@389c4eb1
TESTGRASS
com.badlogic.gdx.maps.tiled.tiles.StaticTiledMapTile@79c97cb
TALL_GRASS2
com.badlogic.gdx.maps.tiled.tiles.StaticTiledMapTile@79c97cb
TALL_GRASS2
com.badlogic.gdx.maps.tiled.tiles.StaticTiledMapTile@79c97cb
TALL_GRASS2
com.badlogic.gdx.maps.tiled.tiles.StaticTiledMapTile@79c97cb
TALL_GRASS2
com.badlogic.gdx.maps.tiled.tiles.StaticTiledMapTile@389c4eb1
TESTGRASS
com.badlogic.gdx.maps.tiled.tiles.StaticTiledMapTile@389c4eb1
TESTGRASS
com.badlogic.gdx.maps.tiled.tiles.StaticTiledMapTile@52e7a6b2
TALL_GRASS1
com.badlogic.gdx.maps.tiled.tiles.StaticTiledMapTile@52e7a6b2
TALL_GRASS1
com.badlogic.gdx.maps.tiled.tiles.StaticTiledMapTile@52e7a6b2
TALL_GRASS1
com.badlogic.gdx.maps.tiled.tiles.StaticTiledMapTile@52e7a6b2
TALL_GRASS1
com.badlogic.gdx.maps.tiled.tiles.StaticTiledMapTile@389c4eb1
TESTGRASS
com.badlogic.gdx.maps.tiled.tiles.StaticTiledMapTile@79c97cb
TALL_GRASS2
com.badlogic.gdx.maps.tiled.tiles.StaticTiledMapTile@79c97cb
TALL_GRASS2
com.badlogic.gdx.maps.tiled.tiles.StaticTiledMapTile@79c97cb
TALL_GRASS2
com.badlogic.gdx.maps.tiled.tiles.StaticTiledMapTile@79c97cb
TALL_GRASS2
com.badlogic.gdx.maps.tiled.tiles.StaticTiledMapTile@389c4eb1
TESTGRASS
com.badlogic.gdx.maps.tiled.tiles.StaticTiledMapTile@389c4eb1
TESTGRASS
com.badlogic.gdx.maps.tiled.tiles.StaticTiledMapTile@52e7a6b2
TALL_GRASS1
com.badlogic.gdx.maps.tiled.tiles.StaticTiledMapTile@52e7a6b2
TALL_GRASS1
com.badlogic.gdx.maps.tiled.tiles.StaticTiledMapTile@52e7a6b2
TALL_GRASS1
com.badlogic.gdx.maps.tiled.tiles.StaticTiledMapTile@52e7a6b2
TALL_GRASS1
com.badlogic.gdx.maps.tiled.tiles.StaticTiledMapTile@389c4eb1
TESTGRASS
com.badlogic.gdx.maps.tiled.tiles.StaticTiledMapTile@79c97cb
TALL_GRASS2
com.badlogic.gdx.maps.tiled.tiles.StaticTiledMapTile@79c97cb
TALL_GRASS2
com.badlogic.gdx.maps.tiled.tiles.StaticTiledMapTile@79c97cb
TALL_GRASS2
com.badlogic.gdx.maps.tiled.tiles.StaticTiledMapTile@79c97cb
TALL_GRASS2
com.badlogic.gdx.maps.tiled.tiles.StaticTiledMapTile@389c4eb1
TESTGRASS
com.badlogic.gdx.maps.tiled.tiles.StaticTiledMapTile@389c4eb1
TESTGRASS
com.badlogic.gdx.maps.tiled.tiles.StaticTiledMapTile@52e7a6b2
TALL_GRASS1
com.badlogic.gdx.maps.tiled.tiles.StaticTiledMapTile@52e7a6b2
TALL_GRASS1
com.badlogic.gdx.maps.tiled.tiles.StaticTiledMapTile@52e7a6b2
TALL_GRASS1
com.badlogic.gdx.maps.tiled.tiles.StaticTiledMapTile@52e7a6b2
TALL_GRASS1
com.badlogic.gdx.maps.tiled.tiles.StaticTiledMapTile@389c4eb1
TESTGRASS
com.badlogic.gdx.maps.tiled.tiles.StaticTiledMapTile@79c97cb
TALL_GRASS2
com.badlogic.gdx.maps.tiled.tiles.StaticTiledMapTile@79c97cb
TALL_GRASS2
com.badlogic.gdx.maps.tiled.tiles.StaticTiledMapTile@79c97cb
TALL_GRASS2
com.badlogic.gdx.maps.tiled.tiles.StaticTiledMapTile@79c97cb
TALL_GRASS2
com.badlogic.gdx.maps.tiled.tiles.StaticTiledMapTile@389c4eb1
TESTGRASS
com.badlogic.gdx.maps.tiled.tiles.StaticTiledMapTile@389c4eb1
TESTGRASS
com.badlogic.gdx.maps.tiled.tiles.StaticTiledMapTile@52e7a6b2
TALL_GRASS1
com.badlogic.gdx.maps.tiled.tiles.StaticTiledMapTile@52e7a6b2
TALL_GRASS1
com.badlogic.gdx.maps.tiled.tiles.StaticTiledMapTile@52e7a6b2
TALL_GRASS1
com.badlogic.gdx.maps.tiled.tiles.StaticTiledMapTile@52e7a6b2
TALL_GRASS1
com.badlogic.gdx.maps.tiled.tiles.StaticTiledMapTile@389c4eb1
TESTGRASS
com.badlogic.gdx.maps.tiled.tiles.StaticTiledMapTile@79c97cb
TALL_GRASS2
com.badlogic.gdx.maps.tiled.tiles.StaticTiledMapTile@79c97cb
TALL_GRASS2
com.badlogic.gdx.maps.tiled.tiles.StaticTiledMapTile@79c97cb
TALL_GRASS2
com.badlogic.gdx.maps.tiled.tiles.StaticTiledMapTile@79c97cb
TALL_GRASS2
com.badlogic.gdx.maps.tiled.tiles.StaticTiledMapTile@389c4eb1
TESTGRASS
com.badlogic.gdx.maps.tiled.tiles.StaticTiledMapTile@389c4eb1
TESTGRASS
com.badlogic.gdx.maps.tiled.tiles.StaticTiledMapTile@52e7a6b2
TALL_GRASS1
com.badlogic.gdx.maps.tiled.tiles.StaticTiledMapTile@52e7a6b2
TALL_GRASS1
com.badlogic.gdx.maps.tiled.tiles.StaticTiledMapTile@52e7a6b2
TALL_GRASS1
com.badlogic.gdx.maps.tiled.tiles.StaticTiledMapTile@52e7a6b2
TALL_GRASS1
com.badlogic.gdx.maps.tiled.tiles.StaticTiledMapTile@389c4eb1
TESTGRASS
com.badlogic.gdx.maps.tiled.tiles.StaticTiledMapTile@79c97cb
TALL_GRASS2
com.badlogic.gdx.maps.tiled.tiles.StaticTiledMapTile@79c97cb
TALL_GRASS2
com.badlogic.gdx.maps.tiled.tiles.StaticTiledMapTile@79c97cb
TALL_GRASS2
com.badlogic.gdx.maps.tiled.tiles.StaticTiledMapTile@79c97cb
TALL_GRASS2
com.badlogic.gdx.maps.tiled.tiles.StaticTiledMapTile@389c4eb1
TESTGRASS
com.badlogic.gdx.maps.tiled.tiles.StaticTiledMapTile@389c4eb1
TESTGRASS
com.badlogic.gdx.maps.tiled.tiles.StaticTiledMapTile@52e7a6b2
TALL_GRASS1
com.badlogic.gdx.maps.tiled.tiles.StaticTiledMapTile@52e7a6b2
TALL_GRASS1
com.badlogic.gdx.maps.tiled.tiles.StaticTiledMapTile@52e7a6b2
TALL_GRASS1
com.badlogic.gdx.maps.tiled.tiles.StaticTiledMapTile@52e7a6b2
TALL_GRASS1
com.badlogic.gdx.maps.tiled.tiles.StaticTiledMapTile@389c4eb1
TESTGRASS
com.badlogic.gdx.maps.tiled.tiles.StaticTiledMapTile@79c97cb
TALL_GRASS2
com.badlogic.gdx.maps.tiled.tiles.StaticTiledMapTile@79c97cb
TALL_GRASS2
com.badlogic.gdx.maps.tiled.tiles.StaticTiledMapTile@79c97cb
TALL_GRASS2
com.badlogic.gdx.maps.tiled.tiles.StaticTiledMapTile@79c97cb
TALL_GRASS2
com.badlogic.gdx.maps.tiled.tiles.StaticTiledMapTile@389c4eb1
TESTGRASS
com.badlogic.gdx.maps.tiled.tiles.StaticTiledMapTile@389c4eb1
TESTGRASS
com.badlogic.gdx.maps.tiled.tiles.StaticTiledMapTile@52e7a6b2
TALL_GRASS1
com.badlogic.gdx.maps.tiled.tiles.StaticTiledMapTile@52e7a6b2
TALL_GRASS1
com.badlogic.gdx.maps.tiled.tiles.StaticTiledMapTile@52e7a6b2
TALL_GRASS1
com.badlogic.gdx.maps.tiled.tiles.StaticTiledMapTile@52e7a6b2
TALL_GRASS1
com.badlogic.gdx.maps.tiled.tiles.StaticTiledMapTile@389c4eb1
TESTGRASS
com.badlogic.gdx.maps.tiled.tiles.StaticTiledMapTile@79c97cb
TALL_GRASS2
com.badlogic.gdx.maps.tiled.tiles.StaticTiledMapTile@79c97cb
TALL_GRASS2
com.badlogic.gdx.maps.tiled.tiles.StaticTiledMapTile@79c97cb
TALL_GRASS2
com.badlogic.gdx.maps.tiled.tiles.StaticTiledMapTile@79c97cb
TALL_GRASS2
com.badlogic.gdx.maps.tiled.tiles.StaticTiledMapTile@389c4eb1
TESTGRASS
com.badlogic.gdx.maps.tiled.tiles.StaticTiledMapTile@389c4eb1
TESTGRASS
com.badlogic.gdx.maps.tiled.tiles.StaticTiledMapTile@52e7a6b2
TALL_GRASS1
com.badlogic.gdx.maps.tiled.tiles.StaticTiledMapTile@52e7a6b2
TALL_GRASS1
com.badlogic.gdx.maps.tiled.tiles.StaticTiledMapTile@52e7a6b2
TALL_GRASS1
com.badlogic.gdx.maps.tiled.tiles.StaticTiledMapTile@52e7a6b2
TALL_GRASS1
com.badlogic.gdx.maps.tiled.tiles.StaticTiledMapTile@389c4eb1
TESTGRASS
com.badlogic.gdx.maps.tiled.tiles.StaticTiledMapTile@79c97cb
TALL_GRASS2
com.badlogic.gdx.maps.tiled.tiles.StaticTiledMapTile@79c97cb
TALL_GRASS2
com.badlogic.gdx.maps.tiled.tiles.StaticTiledMapTile@79c97cb
TALL_GRASS2
com.badlogic.gdx.maps.tiled.tiles.StaticTiledMapTile@79c97cb
TALL_GRASS2
com.badlogic.gdx.maps.tiled.tiles.StaticTiledMapTile@389c4eb1
TESTGRASS
com.badlogic.gdx.maps.tiled.tiles.StaticTiledMapTile@389c4eb1
TESTGRASS
com.badlogic.gdx.maps.tiled.tiles.StaticTiledMapTile@52e7a6b2
TALL_GRASS1
com.badlogic.gdx.maps.tiled.tiles.StaticTiledMapTile@52e7a6b2
TALL_GRASS1
com.badlogic.gdx.maps.tiled.tiles.StaticTiledMapTile@52e7a6b2
TALL_GRASS1
com.badlogic.gdx.maps.tiled.tiles.StaticTiledMapTile@52e7a6b2
TALL_GRASS1
com.badlogic.gdx.maps.tiled.tiles.StaticTiledMapTile@389c4eb1
TESTGRASS
com.badlogic.gdx.maps.tiled.tiles.StaticTiledMapTile@79c97cb
TALL_GRASS2
com.badlogic.gdx.maps.tiled.tiles.StaticTiledMapTile@79c97cb
TALL_GRASS2
com.badlogic.gdx.maps.tiled.tiles.StaticTiledMapTile@79c97cb
TALL_GRASS2
com.badlogic.gdx.maps.tiled.tiles.StaticTiledMapTile@79c97cb
TALL_GRASS2
com.badlogic.gdx.maps.tiled.tiles.StaticTiledMapTile@389c4eb1
TESTGRASS
com.badlogic.gdx.maps.tiled.tiles.StaticTiledMapTile@389c4eb1
TESTGRASS
com.badlogic.gdx.maps.tiled.tiles.StaticTiledMapTile@52e7a6b2
TALL_GRASS1
com.badlogic.gdx.maps.tiled.tiles.StaticTiledMapTile@52e7a6b2
TALL_GRASS1
com.badlogic.gdx.maps.tiled.tiles.StaticTiledMapTile@52e7a6b2
TALL_GRASS1
com.badlogic.gdx.maps.tiled.tiles.StaticTiledMapTile@52e7a6b2
TALL_GRASS1
com.badlogic.gdx.maps.tiled.tiles.StaticTiledMapTile@389c4eb1
TESTGRASS
com.badlogic.gdx.maps.tiled.tiles.StaticTiledMapTile@79c97cb
TALL_GRASS2
com.badlogic.gdx.maps.tiled.tiles.StaticTiledMapTile@79c97cb
TALL_GRASS2
com.badlogic.gdx.maps.tiled.tiles.StaticTiledMapTile@79c97cb
TALL_GRASS2
com.badlogic.gdx.maps.tiled.tiles.StaticTiledMapTile@79c97cb
TALL_GRASS2
com.badlogic.gdx.maps.tiled.tiles.StaticTiledMapTile@389c4eb1
TESTGRASS
com.badlogic.gdx.maps.tiled.tiles.StaticTiledMapTile@389c4eb1
TESTGRASS
com.badlogic.gdx.maps.tiled.tiles.StaticTiledMapTile@52e7a6b2
TALL_GRASS1
com.badlogic.gdx.maps.tiled.tiles.StaticTiledMapTile@52e7a6b2
TALL_GRASS1
com.badlogic.gdx.maps.tiled.tiles.StaticTiledMapTile@52e7a6b2
TALL_GRASS1
com.badlogic.gdx.maps.tiled.tiles.StaticTiledMapTile@52e7a6b2
TALL_GRASS1
com.badlogic.gdx.maps.tiled.tiles.StaticTiledMapTile@389c4eb1
TESTGRASS
com.badlogic.gdx.maps.tiled.tiles.StaticTiledMapTile@79c97cb
TALL_GRASS2
com.badlogic.gdx.maps.tiled.tiles.StaticTiledMapTile@79c97cb
TALL_GRASS2
com.badlogic.gdx.maps.tiled.tiles.StaticTiledMapTile@79c97cb
TALL_GRASS2
com.badlogic.gdx.maps.tiled.tiles.StaticTiledMapTile@79c97cb
TALL_GRASS2
com.badlogic.gdx.maps.tiled.tiles.StaticTiledMapTile@389c4eb1
TESTGRASS
com.badlogic.gdx.maps.tiled.tiles.StaticTiledMapTile@389c4eb1
TESTGRASS
com.badlogic.gdx.maps.tiled.tiles.StaticTiledMapTile@52e7a6b2
TALL_GRASS1
com.badlogic.gdx.maps.tiled.tiles.StaticTiledMapTile@52e7a6b2
TALL_GRASS1
com.badlogic.gdx.maps.tiled.tiles.StaticTiledMapTile@52e7a6b2
TALL_GRASS1
com.badlogic.gdx.maps.tiled.tiles.StaticTiledMapTile@52e7a6b2
TALL_GRASS1
com.badlogic.gdx.maps.tiled.tiles.StaticTiledMapTile@389c4eb1
TESTGRASS
com.badlogic.gdx.maps.tiled.tiles.StaticTiledMapTile@79c97cb
TALL_GRASS2
com.badlogic.gdx.maps.tiled.tiles.StaticTiledMapTile@79c97cb
TALL_GRASS2
com.badlogic.gdx.maps.tiled.tiles.StaticTiledMapTile@79c97cb
TALL_GRASS2
com.badlogic.gdx.maps.tiled.tiles.StaticTiledMapTile@79c97cb
TALL_GRASS2
com.badlogic.gdx.maps.tiled.tiles.StaticTiledMapTile@389c4eb1
TESTGRASS
com.badlogic.gdx.maps.tiled.tiles.StaticTiledMapTile@389c4eb1
TESTGRASS
com.badlogic.gdx.maps.tiled.tiles.StaticTiledMapTile@52e7a6b2
TALL_GRASS1
com.badlogic.gdx.maps.tiled.tiles.StaticTiledMapTile@52e7a6b2
TALL_GRASS1
com.badlogic.gdx.maps.tiled.tiles.StaticTiledMapTile@52e7a6b2
TALL_GRASS1
com.badlogic.gdx.maps.tiled.tiles.StaticTiledMapTile@52e7a6b2
TALL_GRASS1
com.badlogic.gdx.maps.tiled.tiles.StaticTiledMapTile@389c4eb1
TESTGRASS
com.badlogic.gdx.maps.tiled.tiles.StaticTiledMapTile@79c97cb
TALL_GRASS2
com.badlogic.gdx.maps.tiled.tiles.StaticTiledMapTile@79c97cb
TALL_GRASS2
com.badlogic.gdx.maps.tiled.tiles.StaticTiledMapTile@79c97cb
TALL_GRASS2
com.badlogic.gdx.maps.tiled.tiles.StaticTiledMapTile@79c97cb
TALL_GRASS2
com.badlogic.gdx.maps.tiled.tiles.StaticTiledMapTile@389c4eb1
TESTGRASS
com.badlogic.gdx.maps.tiled.tiles.StaticTiledMapTile@389c4eb1
TESTGRASS
com.badlogic.gdx.maps.tiled.tiles.StaticTiledMapTile@52e7a6b2
TALL_GRASS1
com.badlogic.gdx.maps.tiled.tiles.StaticTiledMapTile@52e7a6b2
TALL_GRASS1
com.badlogic.gdx.maps.tiled.tiles.StaticTiledMapTile@52e7a6b2
TALL_GRASS1
com.badlogic.gdx.maps.tiled.tiles.StaticTiledMapTile@52e7a6b2
TALL_GRASS1
com.badlogic.gdx.maps.tiled.tiles.StaticTiledMapTile@389c4eb1
TESTGRASS
com.badlogic.gdx.maps.tiled.tiles.StaticTiledMapTile@79c97cb
TALL_GRASS2
com.badlogic.gdx.maps.tiled.tiles.StaticTiledMapTile@79c97cb
TALL_GRASS2
com.badlogic.gdx.maps.tiled.tiles.StaticTiledMapTile@79c97cb
TALL_GRASS2
com.badlogic.gdx.maps.tiled.tiles.StaticTiledMapTile@79c97cb
TALL_GRASS2
com.badlogic.gdx.maps.tiled.tiles.StaticTiledMapTile@389c4eb1
TESTGRASS
com.badlogic.gdx.maps.tiled.tiles.StaticTiledMapTile@389c4eb1
TESTGRASS
com.badlogic.gdx.maps.tiled.tiles.StaticTiledMapTile@52e7a6b2
TALL_GRASS1
com.badlogic.gdx.maps.tiled.tiles.StaticTiledMapTile@52e7a6b2
TALL_GRASS1
com.badlogic.gdx.maps.tiled.tiles.StaticTiledMapTile@52e7a6b2
TALL_GRASS1
com.badlogic.gdx.maps.tiled.tiles.StaticTiledMapTile@52e7a6b2
TALL_GRASS1
com.badlogic.gdx.maps.tiled.tiles.StaticTiledMapTile@389c4eb1
TESTGRASS
com.badlogic.gdx.maps.tiled.tiles.StaticTiledMapTile@79c97cb
TALL_GRASS2
com.badlogic.gdx.maps.tiled.tiles.StaticTiledMapTile@79c97cb
TALL_GRASS2
com.badlogic.gdx.maps.tiled.tiles.StaticTiledMapTile@79c97cb
TALL_GRASS2
com.badlogic.gdx.maps.tiled.tiles.StaticTiledMapTile@79c97cb
TALL_GRASS2
com.badlogic.gdx.maps.tiled.tiles.StaticTiledMapTile@389c4eb1
TESTGRASS
com.badlogic.gdx.maps.tiled.tiles.StaticTiledMapTile@389c4eb1
TESTGRASS
com.badlogic.gdx.maps.tiled.tiles.StaticTiledMapTile@52e7a6b2
TALL_GRASS1
com.badlogic.gdx.maps.tiled.tiles.StaticTiledMapTile@52e7a6b2
TALL_GRASS1
com.badlogic.gdx.maps.tiled.tiles.StaticTiledMapTile@52e7a6b2
TALL_GRASS1
com.badlogic.gdx.maps.tiled.tiles.StaticTiledMapTile@52e7a6b2
TALL_GRASS1
com.badlogic.gdx.maps.tiled.tiles.StaticTiledMapTile@389c4eb1
TESTGRASS
com.badlogic.gdx.maps.tiled.tiles.StaticTiledMapTile@79c97cb
TALL_GRASS2
com.badlogic.gdx.maps.tiled.tiles.StaticTiledMapTile@79c97cb
TALL_GRASS2
com.badlogic.gdx.maps.tiled.tiles.StaticTiledMapTile@79c97cb
TALL_GRASS2
com.badlogic.gdx.maps.tiled.tiles.StaticTiledMapTile@79c97cb
TALL_GRASS2
com.badlogic.gdx.maps.tiled.tiles.StaticTiledMapTile@389c4eb1
TESTGRASS
com.badlogic.gdx.maps.tiled.tiles.StaticTiledMapTile@389c4eb1
TESTGRASS
com.badlogic.gdx.maps.tiled.tiles.StaticTiledMapTile@52e7a6b2
TALL_GRASS1
com.badlogic.gdx.maps.tiled.tiles.StaticTiledMapTile@52e7a6b2
TALL_GRASS1
com.badlogic.gdx.maps.tiled.tiles.StaticTiledMapTile@52e7a6b2
TALL_GRASS1
com.badlogic.gdx.maps.tiled.tiles.StaticTiledMapTile@52e7a6b2
TALL_GRASS1
com.badlogic.gdx.maps.tiled.tiles.StaticTiledMapTile@389c4eb1
TESTGRASS
com.badlogic.gdx.maps.tiled.tiles.StaticTiledMapTile@79c97cb
TALL_GRASS2
com.badlogic.gdx.maps.tiled.tiles.StaticTiledMapTile@79c97cb
TALL_GRASS2
com.badlogic.gdx.maps.tiled.tiles.StaticTiledMapTile@79c97cb
TALL_GRASS2
com.badlogic.gdx.maps.tiled.tiles.StaticTiledMapTile@79c97cb
TALL_GRASS2
com.badlogic.gdx.maps.tiled.tiles.StaticTiledMapTile@389c4eb1
TESTGRASS
com.badlogic.gdx.maps.tiled.tiles.StaticTiledMapTile@389c4eb1
TESTGRASS
com.badlogic.gdx.maps.tiled.tiles.StaticTiledMapTile@52e7a6b2
TALL_GRASS1
com.badlogic.gdx.maps.tiled.tiles.StaticTiledMapTile@52e7a6b2
TALL_GRASS1
com.badlogic.gdx.maps.tiled.tiles.StaticTiledMapTile@52e7a6b2
TALL_GRASS1
com.badlogic.gdx.maps.tiled.tiles.StaticTiledMapTile@52e7a6b2
TALL_GRASS1
com.badlogic.gdx.maps.tiled.tiles.StaticTiledMapTile@389c4eb1
TESTGRASS
com.badlogic.gdx.maps.tiled.tiles.StaticTiledMapTile@79c97cb
TALL_GRASS2
com.badlogic.gdx.maps.tiled.tiles.StaticTiledMapTile@79c97cb
TALL_GRASS2
com.badlogic.gdx.maps.tiled.tiles.StaticTiledMapTile@79c97cb
TALL_GRASS2
com.badlogic.gdx.maps.tiled.tiles.StaticTiledMapTile@79c97cb
TALL_GRASS2
com.badlogic.gdx.maps.tiled.tiles.StaticTiledMapTile@389c4eb1
TESTGRASS
com.badlogic.gdx.maps.tiled.tiles.StaticTiledMapTile@389c4eb1
TESTGRASS
com.badlogic.gdx.maps.tiled.tiles.StaticTiledMapTile@52e7a6b2
TALL_GRASS1
com.badlogic.gdx.maps.tiled.tiles.StaticTiledMapTile@52e7a6b2
TALL_GRASS1
com.badlogic.gdx.maps.tiled.tiles.StaticTiledMapTile@52e7a6b2
TALL_GRASS1
com.badlogic.gdx.maps.tiled.tiles.StaticTiledMapTile@52e7a6b2
TALL_GRASS1
com.badlogic.gdx.maps.tiled.tiles.StaticTiledMapTile@389c4eb1
TESTGRASS
com.badlogic.gdx.maps.tiled.tiles.StaticTiledMapTile@79c97cb
TALL_GRASS2
com.badlogic.gdx.maps.tiled.tiles.StaticTiledMapTile@79c97cb
TALL_GRASS2
com.badlogic.gdx.maps.tiled.tiles.StaticTiledMapTile@79c97cb
TALL_GRASS2
com.badlogic.gdx.maps.tiled.tiles.StaticTiledMapTile@79c97cb
TALL_GRASS2
com.badlogic.gdx.maps.tiled.tiles.StaticTiledMapTile@389c4eb1
TESTGRASS
com.badlogic.gdx.maps.tiled.tiles.StaticTiledMapTile@389c4eb1
TESTGRASS
com.badlogic.gdx.maps.tiled.tiles.StaticTiledMapTile@52e7a6b2
TALL_GRASS1
com.badlogic.gdx.maps.tiled.tiles.StaticTiledMapTile@52e7a6b2
TALL_GRASS1
com.badlogic.gdx.maps.tiled.tiles.StaticTiledMapTile@52e7a6b2
TALL_GRASS1
com.badlogic.gdx.maps.tiled.tiles.StaticTiledMapTile@52e7a6b2
TALL_GRASS1
com.badlogic.gdx.maps.tiled.tiles.StaticTiledMapTile@389c4eb1
TESTGRASS
com.badlogic.gdx.maps.tiled.tiles.StaticTiledMapTile@79c97cb
TALL_GRASS2
com.badlogic.gdx.maps.tiled.tiles.StaticTiledMapTile@79c97cb
TALL_GRASS2
com.badlogic.gdx.maps.tiled.tiles.StaticTiledMapTile@79c97cb
TALL_GRASS2
com.badlogic.gdx.maps.tiled.tiles.StaticTiledMapTile@79c97cb
TALL_GRASS2
com.badlogic.gdx.maps.tiled.tiles.StaticTiledMapTile@389c4eb1
TESTGRASS
com.badlogic.gdx.maps.tiled.tiles.StaticTiledMapTile@389c4eb1
TESTGRASS
com.badlogic.gdx.maps.tiled.tiles.StaticTiledMapTile@52e7a6b2
TALL_GRASS1
com.badlogic.gdx.maps.tiled.tiles.StaticTiledMapTile@52e7a6b2
TALL_GRASS1
com.badlogic.gdx.maps.tiled.tiles.StaticTiledMapTile@52e7a6b2
TALL_GRASS1
com.badlogic.gdx.maps.tiled.tiles.StaticTiledMapTile@52e7a6b2
TALL_GRASS1
com.badlogic.gdx.maps.tiled.tiles.StaticTiledMapTile@389c4eb1
TESTGRASS
com.badlogic.gdx.maps.tiled.tiles.StaticTiledMapTile@79c97cb
TALL_GRASS2
com.badlogic.gdx.maps.tiled.tiles.StaticTiledMapTile@79c97cb
TALL_GRASS2
com.badlogic.gdx.maps.tiled.tiles.StaticTiledMapTile@79c97cb
TALL_GRASS2
com.badlogic.gdx.maps.tiled.tiles.StaticTiledMapTile@79c97cb
TALL_GRASS2
com.badlogic.gdx.maps.tiled.tiles.StaticTiledMapTile@389c4eb1
TESTGRASS
com.badlogic.gdx.maps.tiled.tiles.StaticTiledMapTile@389c4eb1
TESTGRASS
com.badlogic.gdx.maps.tiled.tiles.StaticTiledMapTile@52e7a6b2
TALL_GRASS1
com.badlogic.gdx.maps.tiled.tiles.StaticTiledMapTile@52e7a6b2
TALL_GRASS1
com.badlogic.gdx.maps.tiled.tiles.StaticTiledMapTile@52e7a6b2
TALL_GRASS1
com.badlogic.gdx.maps.tiled.tiles.StaticTiledMapTile@52e7a6b2
TALL_GRASS1
com.badlogic.gdx.maps.tiled.tiles.StaticTiledMapTile@389c4eb1
TESTGRASS
com.badlogic.gdx.maps.tiled.tiles.StaticTiledMapTile@79c97cb
TALL_GRASS2
com.badlogic.gdx.maps.tiled.tiles.StaticTiledMapTile@79c97cb
TALL_GRASS2
com.badlogic.gdx.maps.tiled.tiles.StaticTiledMapTile@79c97cb
TALL_GRASS2
com.badlogic.gdx.maps.tiled.tiles.StaticTiledMapTile@79c97cb
TALL_GRASS2
com.badlogic.gdx.maps.tiled.tiles.StaticTiledMapTile@389c4eb1
TESTGRASS
com.badlogic.gdx.maps.tiled.tiles.StaticTiledMapTile@389c4eb1
TESTGRASS
com.badlogic.gdx.maps.tiled.tiles.StaticTiledMapTile@52e7a6b2
TALL_GRASS1
com.badlogic.gdx.maps.tiled.tiles.StaticTiledMapTile@52e7a6b2
TALL_GRASS1
com.badlogic.gdx.maps.tiled.tiles.StaticTiledMapTile@52e7a6b2
TALL_GRASS1
com.badlogic.gdx.maps.tiled.tiles.StaticTiledMapTile@52e7a6b2
TALL_GRASS1
com.badlogic.gdx.maps.tiled.tiles.StaticTiledMapTile@389c4eb1
TESTGRASS
com.badlogic.gdx.maps.tiled.tiles.StaticTiledMapTile@79c97cb
TALL_GRASS2
com.badlogic.gdx.maps.tiled.tiles.StaticTiledMapTile@79c97cb
TALL_GRASS2
com.badlogic.gdx.maps.tiled.tiles.StaticTiledMapTile@79c97cb
TALL_GRASS2
com.badlogic.gdx.maps.tiled.tiles.StaticTiledMapTile@79c97cb
TALL_GRASS2
com.badlogic.gdx.maps.tiled.tiles.StaticTiledMapTile@389c4eb1
TESTGRASS
com.badlogic.gdx.maps.tiled.tiles.StaticTiledMapTile@389c4eb1
TESTGRASS
com.badlogic.gdx.maps.tiled.tiles.StaticTiledMapTile@52e7a6b2
TALL_GRASS1
com.badlogic.gdx.maps.tiled.tiles.StaticTiledMapTile@52e7a6b2
TALL_GRASS1
com.badlogic.gdx.maps.tiled.tiles.StaticTiledMapTile@52e7a6b2
TALL_GRASS1
com.badlogic.gdx.maps.tiled.tiles.StaticTiledMapTile@52e7a6b2
TALL_GRASS1
com.badlogic.gdx.maps.tiled.tiles.StaticTiledMapTile@389c4eb1
TESTGRASS
com.badlogic.gdx.maps.tiled.tiles.StaticTiledMapTile@79c97cb
TALL_GRASS2
com.badlogic.gdx.maps.tiled.tiles.StaticTiledMapTile@79c97cb
TALL_GRASS2
com.badlogic.gdx.maps.tiled.tiles.StaticTiledMapTile@79c97cb
TALL_GRASS2
com.badlogic.gdx.maps.tiled.tiles.StaticTiledMapTile@79c97cb
TALL_GRASS2
com.badlogic.gdx.maps.tiled.tiles.StaticTiledMapTile@389c4eb1
TESTGRASS
com.badlogic.gdx.maps.tiled.tiles.StaticTiledMapTile@389c4eb1
TESTGRASS
com.badlogic.gdx.maps.tiled.tiles.StaticTiledMapTile@52e7a6b2
TALL_GRASS1
com.badlogic.gdx.maps.tiled.tiles.StaticTiledMapTile@52e7a6b2
TALL_GRASS1
com.badlogic.gdx.maps.tiled.tiles.StaticTiledMapTile@52e7a6b2
TALL_GRASS1
com.badlogic.gdx.maps.tiled.tiles.StaticTiledMapTile@52e7a6b2
TALL_GRASS1
com.badlogic.gdx.maps.tiled.tiles.StaticTiledMapTile@389c4eb1
TESTGRASS
com.badlogic.gdx.maps.tiled.tiles.StaticTiledMapTile@79c97cb
TALL_GRASS2
com.badlogic.gdx.maps.tiled.tiles.StaticTiledMapTile@79c97cb
TALL_GRASS2
com.badlogic.gdx.maps.tiled.tiles.StaticTiledMapTile@79c97cb
TALL_GRASS2
com.badlogic.gdx.maps.tiled.tiles.StaticTiledMapTile@79c97cb
TALL_GRASS2
com.badlogic.gdx.maps.tiled.tiles.StaticTiledMapTile@389c4eb1
TESTGRASS
com.badlogic.gdx.maps.tiled.tiles.StaticTiledMapTile@328cf0e1
DIRT2
]]></system-out>
  </testcase>
  <testcase name="pickUpWeaponTest" classname="CollideTests" time="0.005"/>
  <testcase name="playerMoveTest" classname="CollideTests" time="0.007"/>
  <testcase name="pickUpTreasureTest" classname="CollideTests" time="0.002"/>
  <testcase name="rectCollidesWithMapTest_withoutPlayerObject" classname="CollideTests" time="0.002">
    <system-out><![CDATA[com.badlogic.gdx.maps.tiled.tiles.StaticTiledMapTile@78aa1f72
TESTDIRT
]]></system-out>
  </testcase>
  <testcase name="enemyPickUpWeaponTest" classname="CollideTests" time="0.002"/>
  <testcase name="playerKilledTest" classname="CollideTests" time="0.011">
    <system-out><![CDATA[

DMG: 500
HP before: 100
HP after: 0
]]></system-out>
  </testcase>
  <testcase name="enemyKilledTest" classname="CollideTests" time="0.001"/>
</testsuite>